#! c:/iverilog-x86/bin/vvp
:ivl_version "10.0 (stable)" "(v10_0)";
:ivl_delay_selection "TYPICAL";
:vpi_time_precision - 9;
:vpi_module "system";
:vpi_module "vhdl_sys";
:vpi_module "v2005_math";
:vpi_module "va_math";
S_009649d0 .scope module, "seq_detect_tb" "seq_detect_tb" 2 1;
 .timescale 0 -9;
v0096bde0_0 .var "clk", 0 0;
v0096ab28_0 .var "din", 0 0;
v0096ab80_0 .var "reset", 0 0;
v0288b238_0 .net "z", 0 0, v0096bd88_0;  1 drivers
S_0096cad0 .scope module, "sq_det" "seq_detect" 2 6, 3 5 0, S_009649d0;
 .timescale 0 -9;
    .port_info 0 /INPUT 1 "clk"
    .port_info 1 /INPUT 1 "reset"
    .port_info 2 /INPUT 1 "din"
    .port_info 3 /OUTPUT 1 "z"
P_0096cba0 .param/l "S0" 0 3 15, C4<000>;
P_0096cbc0 .param/l "S1" 0 3 16, C4<001>;
P_0096cbe0 .param/l "S2" 0 3 17, C4<010>;
P_0096cc00 .param/l "S3" 0 3 18, C4<011>;
P_0096cc20 .param/l "S4" 0 3 19, C4<100>;
v00964aa0_0 .net "clk", 0 0, v0096bde0_0;  1 drivers
v0096cc48_0 .net "din", 0 0, v0096ab28_0;  1 drivers
v0096bc80_0 .var "next_state", 2 0;
v0096bcd8_0 .net "reset", 0 0, v0096ab80_0;  1 drivers
v0096bd30_0 .var "state", 2 0;
v0096bd88_0 .var "z", 0 0;
E_00969070 .event posedge, v00964aa0_0;
E_00969020 .event edge, v0096bd30_0, v0096cc48_0;
    .scope S_0096cad0;
T_0 ;
    %wait E_00969020;
    %load/vec4 v0096bd30_0;
    %dup/vec4;
    %pushi/vec4 0, 0, 3;
    %cmp/u;
    %jmp/1 T_0.0, 6;
    %dup/vec4;
    %pushi/vec4 1, 0, 3;
    %cmp/u;
    %jmp/1 T_0.1, 6;
    %dup/vec4;
    %pushi/vec4 2, 0, 3;
    %cmp/u;
    %jmp/1 T_0.2, 6;
    %dup/vec4;
    %pushi/vec4 3, 0, 3;
    %cmp/u;
    %jmp/1 T_0.3, 6;
    %dup/vec4;
    %pushi/vec4 4, 0, 3;
    %cmp/u;
    %jmp/1 T_0.4, 6;
    %pushi/vec4 1, 0, 3;
    %store/vec4 v0096bc80_0, 0, 3;
    %jmp T_0.6;
T_0.0 ;
    %load/vec4 v0096cc48_0;
    %cmpi/e 1, 0, 1;
    %jmp/0xz  T_0.7, 4;
    %pushi/vec4 0, 0, 1;
    %store/vec4 v0096bd88_0, 0, 1;
    %pushi/vec4 1, 0, 3;
    %store/vec4 v0096bc80_0, 0, 3;
    %jmp T_0.8;
T_0.7 ;
    %pushi/vec4 0, 0, 1;
    %store/vec4 v0096bd88_0, 0, 1;
    %pushi/vec4 0, 0, 3;
    %store/vec4 v0096bc80_0, 0, 3;
T_0.8 ;
    %jmp T_0.6;
T_0.1 ;
    %load/vec4 v0096cc48_0;
    %cmpi/e 1, 0, 1;
    %jmp/0xz  T_0.9, 4;
    %pushi/vec4 0, 0, 1;
    %store/vec4 v0096bd88_0, 0, 1;
    %pushi/vec4 2, 0, 3;
    %store/vec4 v0096bc80_0, 0, 3;
    %jmp T_0.10;
T_0.9 ;
    %pushi/vec4 0, 0, 1;
    %store/vec4 v0096bd88_0, 0, 1;
    %pushi/vec4 1, 0, 3;
    %store/vec4 v0096bc80_0, 0, 3;
T_0.10 ;
    %jmp T_0.6;
T_0.2 ;
    %load/vec4 v0096cc48_0;
    %cmpi/e 0, 0, 1;
    %jmp/0xz  T_0.11, 4;
    %pushi/vec4 0, 0, 1;
    %store/vec4 v0096bd88_0, 0, 1;
    %pushi/vec4 3, 0, 3;
    %store/vec4 v0096bc80_0, 0, 3;
    %jmp T_0.12;
T_0.11 ;
    %pushi/vec4 0, 0, 1;
    %store/vec4 v0096bd88_0, 0, 1;
    %pushi/vec4 2, 0, 3;
    %store/vec4 v0096bc80_0, 0, 3;
T_0.12 ;
    %jmp T_0.6;
T_0.3 ;
    %load/vec4 v0096cc48_0;
    %cmpi/e 1, 0, 1;
    %jmp/0xz  T_0.13, 4;
    %pushi/vec4 0, 0, 1;
    %store/vec4 v0096bd88_0, 0, 1;
    %pushi/vec4 4, 0, 3;
    %store/vec4 v0096bc80_0, 0, 3;
    %jmp T_0.14;
T_0.13 ;
    %pushi/vec4 0, 0, 1;
    %store/vec4 v0096bd88_0, 0, 1;
    %pushi/vec4 1, 0, 3;
    %store/vec4 v0096bc80_0, 0, 3;
T_0.14 ;
    %jmp T_0.6;
T_0.4 ;
    %load/vec4 v0096cc48_0;
    %cmpi/e 1, 0, 1;
    %jmp/0xz  T_0.15, 4;
    %pushi/vec4 1, 0, 1;
    %store/vec4 v0096bd88_0, 0, 1;
    %pushi/vec4 2, 0, 3;
    %store/vec4 v0096bc80_0, 0, 3;
    %jmp T_0.16;
T_0.15 ;
    %pushi/vec4 0, 0, 1;
    %store/vec4 v0096bd88_0, 0, 1;
    %pushi/vec4 1, 0, 3;
    %store/vec4 v0096bc80_0, 0, 3;
T_0.16 ;
    %jmp T_0.6;
T_0.6 ;
    %pop/vec4 1;
    %jmp T_0;
    .thread T_0, $push;
    .scope S_0096cad0;
T_1 ;
    %wait E_00969070;
    %load/vec4 v0096bcd8_0;
    %flag_set/vec4 8;
    %jmp/0xz  T_1.0, 8;
    %pushi/vec4 1, 0, 3;
    %assign/vec4 v0096bd30_0, 0;
    %jmp T_1.1;
T_1.0 ;
    %load/vec4 v0096bc80_0;
    %assign/vec4 v0096bd30_0, 0;
T_1.1 ;
    %vpi_call 3 79 "$display", "input:%01b\011\011output:%01b\011\011", v0096cc48_0, v0096bd88_0 {0 0 0};
    %jmp T_1;
    .thread T_1;
    .scope S_009649d0;
T_2 ;
    %pushi/vec4 0, 0, 1;
    %store/vec4 v0096bde0_0, 0, 1;
    %pushi/vec4 0, 0, 1;
    %store/vec4 v0096ab28_0, 0, 1;
    %pushi/vec4 0, 0, 1;
    %store/vec4 v0096ab80_0, 0, 1;
    %delay 1410065408, 2;
    %pushi/vec4 1, 0, 1;
    %store/vec4 v0096ab28_0, 0, 1;
    %delay 1410065408, 2;
    %pushi/vec4 1, 0, 1;
    %store/vec4 v0096ab28_0, 0, 1;
    %delay 1410065408, 2;
    %pushi/vec4 0, 0, 1;
    %store/vec4 v0096ab28_0, 0, 1;
    %delay 1410065408, 2;
    %pushi/vec4 1, 0, 1;
    %store/vec4 v0096ab28_0, 0, 1;
    %delay 1410065408, 2;
    %pushi/vec4 1, 0, 1;
    %store/vec4 v0096ab28_0, 0, 1;
    %delay 1410065408, 2;
    %pushi/vec4 0, 0, 1;
    %store/vec4 v0096ab28_0, 0, 1;
    %delay 1410065408, 2;
    %pushi/vec4 1, 0, 1;
    %store/vec4 v0096ab28_0, 0, 1;
    %delay 1410065408, 2;
    %pushi/vec4 1, 0, 1;
    %store/vec4 v0096ab28_0, 0, 1;
    %delay 1410065408, 2;
    %pushi/vec4 0, 0, 1;
    %store/vec4 v0096ab28_0, 0, 1;
    %delay 1410065408, 2;
    %pushi/vec4 1, 0, 1;
    %store/vec4 v0096ab28_0, 0, 1;
    %delay 1410065408, 2;
    %pushi/vec4 1, 0, 1;
    %store/vec4 v0096ab28_0, 0, 1;
    %delay 1410065408, 2;
    %pushi/vec4 0, 0, 1;
    %store/vec4 v0096ab28_0, 0, 1;
    %delay 1410065408, 2;
    %vpi_call 2 30 "$finish" {0 0 0};
    %end;
    .thread T_2;
    .scope S_009649d0;
T_3 ;
    %vpi_call 2 35 "$dumpfile", "wave.vcd" {0 0 0};
    %vpi_call 2 36 "$dumpvars", 32'sb00000000000000000000000000000000, S_009649d0 {0 0 0};
    %end;
    .thread T_3;
    .scope S_009649d0;
T_4 ;
    %delay 705032704, 1;
    %load/vec4 v0096bde0_0;
    %inv;
    %store/vec4 v0096bde0_0, 0, 1;
    %jmp T_4;
    .thread T_4;
# The file index is used to find the file name in the following table.
:file_names 4;
    "N/A";
    "<interactive>";
    "seq_detect_tb.v";
    "seq_detect.v";
