#! c:/iverilog-x86/bin/vvp
:ivl_version "10.0 (stable)" "(v10_0)";
:ivl_delay_selection "TYPICAL";
:vpi_time_precision - 9;
:vpi_module "system";
:vpi_module "vhdl_sys";
:vpi_module "v2005_math";
:vpi_module "va_math";
S_026526b8 .scope module, "freq_div_even_tb" "freq_div_even_tb" 2 1;
 .timescale -9 -9;
v00c7ee18_0 .var "clk_in", 0 0;
v00c7ee70_0 .net "clk_out", 0 0, v00c73a68_0;  1 drivers
v00c7eec8_0 .var "reset", 0 0;
S_02652788 .scope module, "div_even" "freq_div_even" 2 5, 3 3 0, S_026526b8;
 .timescale -9 -9;
    .port_info 0 /INPUT 1 "clk_in"
    .port_info 1 /INPUT 1 "reset"
    .port_info 2 /OUTPUT 1 "clk_out"
P_02653758 .param/l "N" 0 3 8, C4<0010>;
v00c73a10_0 .net "clk_in", 0 0, v00c7ee18_0;  1 drivers
v00c73a68_0 .var "clk_out", 0 0;
v00c73ac0_0 .var "cnt", 3 0;
v00c73b18_0 .var "next_clk_out", 0 0;
v00c73b70_0 .var "next_cnt", 3 0;
v00c7edc0_0 .net "reset", 0 0, v00c7eec8_0;  1 drivers
E_02653820 .event posedge, v00c73a10_0;
E_02653780 .event edge, v00c73ac0_0;
    .scope S_02652788;
T_0 ;
    %pushi/vec4 0, 0, 4;
    %store/vec4 v00c73ac0_0, 0, 4;
    %end;
    .thread T_0;
    .scope S_02652788;
T_1 ;
    %wait E_02653780;
    %load/vec4 v00c73ac0_0;
    %pad/u 32;
    %cmpi/e 1, 0, 32;
    %jmp/0xz  T_1.0, 4;
    %pushi/vec4 0, 0, 4;
    %store/vec4 v00c73b70_0, 0, 4;
    %jmp T_1.1;
T_1.0 ;
    %load/vec4 v00c73ac0_0;
    %addi 1, 0, 4;
    %store/vec4 v00c73b70_0, 0, 4;
T_1.1 ;
    %load/vec4 v00c73ac0_0;
    %cmpi/e 0, 0, 4;
    %jmp/0xz  T_1.2, 4;
    %pushi/vec4 1, 0, 1;
    %store/vec4 v00c73b18_0, 0, 1;
    %jmp T_1.3;
T_1.2 ;
    %load/vec4 v00c73ac0_0;
    %pad/u 32;
    %cmpi/e 1, 0, 32;
    %jmp/0xz  T_1.4, 4;
    %pushi/vec4 0, 0, 1;
    %store/vec4 v00c73b18_0, 0, 1;
    %jmp T_1.5;
T_1.4 ;
    %load/vec4 v00c73a68_0;
    %store/vec4 v00c73b18_0, 0, 1;
T_1.5 ;
T_1.3 ;
    %jmp T_1;
    .thread T_1, $push;
    .scope S_02652788;
T_2 ;
    %wait E_02653820;
    %load/vec4 v00c7edc0_0;
    %flag_set/vec4 8;
    %jmp/0xz  T_2.0, 8;
    %pushi/vec4 0, 0, 1;
    %assign/vec4 v00c73a68_0, 0;
    %pushi/vec4 0, 0, 4;
    %assign/vec4 v00c73ac0_0, 0;
    %jmp T_2.1;
T_2.0 ;
    %load/vec4 v00c73b70_0;
    %assign/vec4 v00c73ac0_0, 0;
    %load/vec4 v00c73b18_0;
    %assign/vec4 v00c73a68_0, 0;
T_2.1 ;
    %jmp T_2;
    .thread T_2;
    .scope S_026526b8;
T_3 ;
    %pushi/vec4 0, 0, 1;
    %store/vec4 v00c7ee18_0, 0, 1;
    %pushi/vec4 1, 0, 1;
    %store/vec4 v00c7eec8_0, 0, 1;
    %delay 10, 0;
    %pushi/vec4 0, 0, 1;
    %store/vec4 v00c7eec8_0, 0, 1;
    %delay 60, 0;
    %pushi/vec4 1, 0, 1;
    %store/vec4 v00c7eec8_0, 0, 1;
    %delay 70, 0;
    %pushi/vec4 0, 0, 1;
    %store/vec4 v00c7eec8_0, 0, 1;
    %delay 120, 0;
    %vpi_call 2 19 "$finish" {0 0 0};
    %end;
    .thread T_3;
    .scope S_026526b8;
T_4 ;
    %delay 5, 0;
    %load/vec4 v00c7ee18_0;
    %inv;
    %store/vec4 v00c7ee18_0, 0, 1;
    %jmp T_4;
    .thread T_4;
    .scope S_026526b8;
T_5 ;
    %vpi_call 2 27 "$dumpfile", "wave.vcd" {0 0 0};
    %vpi_call 2 28 "$dumpvars", 32'sb00000000000000000000000000000000, S_026526b8 {0 0 0};
    %end;
    .thread T_5;
# The file index is used to find the file name in the following table.
:file_names 4;
    "N/A";
    "<interactive>";
    "freq_div_even_tb.v";
    "freq_div_even.v";
