#! c:/iverilog-x86/bin/vvp
:ivl_version "10.0 (stable)" "(v10_0)";
:ivl_delay_selection "TYPICAL";
:vpi_time_precision + 0;
:vpi_module "system";
:vpi_module "vhdl_sys";
:vpi_module "v2005_math";
:vpi_module "va_math";
S_008d3660 .scope module, "seq_detect_tb" "seq_detect_tb" 2 1;
 .timescale 0 0;
v01363b70_0 .var "clk", 0 0;
v0136ba98_0 .var "reset", 0 0;
v0136baf0_0 .var "x_in", 0 0;
v0136bb48_0 .net "z_out", 0 0, v01363b18_0;  1 drivers
S_008d3730 .scope module, "seq_1" "seq_detect" 2 5, 3 1 0, S_008d3660;
 .timescale 0 0;
    .port_info 0 /INPUT 1 "clk"
    .port_info 1 /INPUT 1 "reset"
    .port_info 2 /INPUT 1 "x_in"
    .port_info 3 /OUTPUT 1 "z_out"
P_01369860 .param/l "S0" 0 3 10, C4<00>;
P_01369880 .param/l "S1" 0 3 10, C4<01>;
P_013698a0 .param/l "S2" 0 3 10, C4<10>;
v01364998_0 .net "clk", 0 0, v01363b70_0;  1 drivers
v013649f0_0 .var "next_state", 1 0;
v01363a10_0 .net "reset", 0 0, v0136ba98_0;  1 drivers
v01363a68_0 .var "state", 1 0;
v01363ac0_0 .net "x_in", 0 0, v0136baf0_0;  1 drivers
v01363b18_0 .var "z_out", 0 0;
E_0136d588 .event posedge, v01364998_0;
E_0136d5b0 .event edge, v01363a68_0, v01363ac0_0;
    .scope S_008d3730;
T_0 ;
    %wait E_0136d5b0;
    %load/vec4 v01363a68_0;
    %dup/vec4;
    %pushi/vec4 0, 0, 2;
    %cmp/u;
    %jmp/1 T_0.0, 6;
    %dup/vec4;
    %pushi/vec4 1, 0, 2;
    %cmp/u;
    %jmp/1 T_0.1, 6;
    %dup/vec4;
    %pushi/vec4 2, 0, 2;
    %cmp/u;
    %jmp/1 T_0.2, 6;
    %jmp T_0.3;
T_0.0 ;
    %load/vec4 v01363ac0_0;
    %pad/u 32;
    %cmpi/e 1, 0, 32;
    %jmp/0xz  T_0.4, 4;
    %pushi/vec4 1, 0, 2;
    %store/vec4 v013649f0_0, 0, 2;
    %pushi/vec4 0, 0, 1;
    %store/vec4 v01363b18_0, 0, 1;
    %jmp T_0.5;
T_0.4 ;
    %pushi/vec4 0, 0, 2;
    %store/vec4 v013649f0_0, 0, 2;
    %pushi/vec4 0, 0, 1;
    %store/vec4 v01363b18_0, 0, 1;
T_0.5 ;
    %jmp T_0.3;
T_0.1 ;
    %load/vec4 v01363ac0_0;
    %pad/u 32;
    %cmpi/e 0, 0, 32;
    %jmp/0xz  T_0.6, 4;
    %pushi/vec4 2, 0, 2;
    %store/vec4 v013649f0_0, 0, 2;
    %pushi/vec4 0, 0, 1;
    %store/vec4 v01363b18_0, 0, 1;
    %jmp T_0.7;
T_0.6 ;
    %pushi/vec4 1, 0, 2;
    %store/vec4 v013649f0_0, 0, 2;
    %pushi/vec4 0, 0, 1;
    %store/vec4 v01363b18_0, 0, 1;
T_0.7 ;
    %jmp T_0.3;
T_0.2 ;
    %load/vec4 v01363ac0_0;
    %pad/u 32;
    %cmpi/e 1, 0, 32;
    %jmp/0xz  T_0.8, 4;
    %pushi/vec4 1, 0, 2;
    %store/vec4 v013649f0_0, 0, 2;
    %pushi/vec4 1, 0, 1;
    %store/vec4 v01363b18_0, 0, 1;
    %jmp T_0.9;
T_0.8 ;
    %pushi/vec4 0, 0, 2;
    %store/vec4 v013649f0_0, 0, 2;
    %pushi/vec4 0, 0, 1;
    %store/vec4 v01363b18_0, 0, 1;
T_0.9 ;
    %jmp T_0.3;
T_0.3 ;
    %pop/vec4 1;
    %jmp T_0;
    .thread T_0, $push;
    .scope S_008d3730;
T_1 ;
    %wait E_0136d588;
    %load/vec4 v01363a10_0;
    %flag_set/vec4 8;
    %jmp/0xz  T_1.0, 8;
    %pushi/vec4 0, 0, 2;
    %assign/vec4 v01363a68_0, 0;
    %jmp T_1.1;
T_1.0 ;
    %load/vec4 v013649f0_0;
    %assign/vec4 v01363a68_0, 0;
T_1.1 ;
    %jmp T_1;
    .thread T_1;
    .scope S_008d3660;
T_2 ;
    %pushi/vec4 1, 0, 1;
    %store/vec4 v0136ba98_0, 0, 1;
    %pushi/vec4 0, 0, 1;
    %store/vec4 v01363b70_0, 0, 1;
    %pushi/vec4 0, 0, 1;
    %store/vec4 v0136baf0_0, 0, 1;
    %delay 10, 0;
    %pushi/vec4 0, 0, 1;
    %store/vec4 v0136ba98_0, 0, 1;
    %delay 10, 0;
    %pushi/vec4 0, 0, 1;
    %store/vec4 v0136baf0_0, 0, 1;
    %delay 10, 0;
    %pushi/vec4 1, 0, 1;
    %store/vec4 v0136baf0_0, 0, 1;
    %delay 10, 0;
    %pushi/vec4 1, 0, 1;
    %store/vec4 v0136baf0_0, 0, 1;
    %delay 10, 0;
    %pushi/vec4 0, 0, 1;
    %store/vec4 v0136baf0_0, 0, 1;
    %delay 10, 0;
    %pushi/vec4 1, 0, 1;
    %store/vec4 v0136baf0_0, 0, 1;
    %delay 10, 0;
    %pushi/vec4 1, 0, 1;
    %store/vec4 v0136baf0_0, 0, 1;
    %delay 10, 0;
    %pushi/vec4 0, 0, 1;
    %store/vec4 v0136baf0_0, 0, 1;
    %delay 10, 0;
    %pushi/vec4 1, 0, 1;
    %store/vec4 v0136baf0_0, 0, 1;
    %delay 10, 0;
    %pushi/vec4 0, 0, 1;
    %store/vec4 v0136baf0_0, 0, 1;
    %delay 10, 0;
    %pushi/vec4 1, 0, 1;
    %store/vec4 v0136baf0_0, 0, 1;
    %delay 10, 0;
    %pushi/vec4 0, 0, 1;
    %store/vec4 v0136baf0_0, 0, 1;
    %delay 10, 0;
    %vpi_call 2 29 "$finish" {0 0 0};
    %end;
    .thread T_2;
    .scope S_008d3660;
T_3 ;
    %delay 5, 0;
    %load/vec4 v01363b70_0;
    %inv;
    %store/vec4 v01363b70_0, 0, 1;
    %jmp T_3;
    .thread T_3;
    .scope S_008d3660;
T_4 ;
    %vpi_call 2 38 "$dumpfile", "wave.vcd" {0 0 0};
    %vpi_call 2 39 "$dumpvars", 32'sb00000000000000000000000000000000, S_008d3660 {0 0 0};
    %end;
    .thread T_4;
# The file index is used to find the file name in the following table.
:file_names 4;
    "N/A";
    "<interactive>";
    "seq_detect_tb.v";
    "seq_detect.v";
