#! c:/iverilog-x86/bin/vvp
:ivl_version "10.0 (stable)" "(v10_0)";
:ivl_delay_selection "TYPICAL";
:vpi_time_precision - 9;
:vpi_module "system";
:vpi_module "vhdl_sys";
:vpi_module "v2005_math";
:vpi_module "va_math";
S_010fa8b0 .scope module, "freq_div_odd_tb" "freq_div_odd_tb" 2 1;
 .timescale -9 -9;
v01000a90_0 .var "clk_in", 0 0;
v01000618_0 .net "clk_out", 0 0, v010fcc90_0;  1 drivers
v01000720_0 .var "reset", 0 0;
S_010f9d50 .scope module, "div_odd" "freq_div_odd" 2 5, 3 5 0, S_010fa8b0;
 .timescale -9 -9;
    .port_info 0 /INPUT 1 "clk_in"
    .port_info 1 /INPUT 1 "reset"
    .port_info 2 /OUTPUT 1 "clk_out"
P_010fd528 .param/l "N" 0 3 10, +C4<00000000000000000000000000001001>;
v010f40f8_0 .var "clk1_out", 0 0;
v010f9e20_0 .var "clk2_out", 0 0;
v010f9e78_0 .net "clk_in", 0 0, v01000a90_0;  1 drivers
v010fcc90_0 .var "clk_out", 0 0;
v010fcce8_0 .var "neg_count", 5 0;
v010fcd40_0 .var "next_clk1_out", 0 0;
v010fcd98_0 .var "next_clk2_out", 0 0;
v010fcdf0_0 .var "next_neg_count", 5 0;
v010f3a10_0 .var "next_pos_count", 5 0;
v010f3a68_0 .var "pos_count", 5 0;
v01000c48_0 .net "reset", 0 0, v01000720_0;  1 drivers
E_010fd618 .event negedge, v010f9e78_0;
E_010fd668 .event posedge, v010f9e78_0;
E_010fd690 .event edge, v010fcce8_0, v010f3a68_0;
E_010f4788 .event edge, v010fcce8_0;
E_00ff34c8 .event edge, v010f3a68_0;
    .scope S_010f9d50;
T_0 ;
    %wait E_00ff34c8;
    %load/vec4 v010f3a68_0;
    %pad/u 32;
    %cmpi/e 8, 0, 32;
    %flag_mov 8, 4;
    %jmp/0 T_0.0, 8;
    %pushi/vec4 0, 0, 6;
    %jmp/1 T_0.1, 8;
T_0.0 ; End of true expr.
    %load/vec4 v010f3a68_0;
    %addi 1, 0, 6;
    %jmp/0 T_0.1, 8;
 ; End of false expr.
    %blend;
T_0.1;
    %store/vec4 v010f3a10_0, 0, 6;
    %load/vec4 v010f3a68_0;
    %pad/u 32;
    %cmpi/e 8, 0, 32;
    %jmp/0xz  T_0.2, 4;
    %pushi/vec4 1, 0, 1;
    %store/vec4 v010fcd40_0, 0, 1;
    %jmp T_0.3;
T_0.2 ;
    %load/vec4 v010f3a68_0;
    %pad/u 32;
    %cmpi/e 3, 0, 32;
    %jmp/0xz  T_0.4, 4;
    %pushi/vec4 0, 0, 1;
    %store/vec4 v010fcd40_0, 0, 1;
T_0.4 ;
T_0.3 ;
    %jmp T_0;
    .thread T_0, $push;
    .scope S_010f9d50;
T_1 ;
    %wait E_010f4788;
    %load/vec4 v010fcce8_0;
    %pad/u 32;
    %cmpi/e 8, 0, 32;
    %flag_mov 8, 4;
    %jmp/0 T_1.0, 8;
    %pushi/vec4 0, 0, 6;
    %jmp/1 T_1.1, 8;
T_1.0 ; End of true expr.
    %load/vec4 v010fcce8_0;
    %addi 1, 0, 6;
    %jmp/0 T_1.1, 8;
 ; End of false expr.
    %blend;
T_1.1;
    %store/vec4 v010fcdf0_0, 0, 6;
    %load/vec4 v010fcce8_0;
    %pad/u 32;
    %cmpi/e 8, 0, 32;
    %jmp/0xz  T_1.2, 4;
    %pushi/vec4 1, 0, 1;
    %store/vec4 v010fcd98_0, 0, 1;
    %jmp T_1.3;
T_1.2 ;
    %load/vec4 v010fcce8_0;
    %pad/u 32;
    %cmpi/e 3, 0, 32;
    %jmp/0xz  T_1.4, 4;
    %pushi/vec4 0, 0, 1;
    %store/vec4 v010fcd98_0, 0, 1;
T_1.4 ;
T_1.3 ;
    %jmp T_1;
    .thread T_1, $push;
    .scope S_010f9d50;
T_2 ;
    %wait E_010fd690;
    %load/vec4 v010f40f8_0;
    %load/vec4 v010f9e20_0;
    %or;
    %store/vec4 v010fcc90_0, 0, 1;
    %jmp T_2;
    .thread T_2, $push;
    .scope S_010f9d50;
T_3 ;
    %wait E_010fd668;
    %load/vec4 v01000c48_0;
    %flag_set/vec4 8;
    %jmp/0xz  T_3.0, 8;
    %pushi/vec4 0, 0, 1;
    %assign/vec4 v010f40f8_0, 0;
    %pushi/vec4 0, 0, 6;
    %assign/vec4 v010f3a68_0, 0;
    %jmp T_3.1;
T_3.0 ;
    %load/vec4 v010f3a10_0;
    %assign/vec4 v010f3a68_0, 0;
    %load/vec4 v010fcd40_0;
    %assign/vec4 v010f40f8_0, 0;
T_3.1 ;
    %jmp T_3;
    .thread T_3;
    .scope S_010f9d50;
T_4 ;
    %wait E_010fd618;
    %load/vec4 v01000c48_0;
    %flag_set/vec4 8;
    %jmp/0xz  T_4.0, 8;
    %pushi/vec4 0, 0, 1;
    %assign/vec4 v010f9e20_0, 0;
    %pushi/vec4 0, 0, 6;
    %assign/vec4 v010fcce8_0, 0;
    %jmp T_4.1;
T_4.0 ;
    %load/vec4 v010fcdf0_0;
    %assign/vec4 v010fcce8_0, 0;
    %load/vec4 v010fcd98_0;
    %assign/vec4 v010f9e20_0, 0;
T_4.1 ;
    %jmp T_4;
    .thread T_4;
    .scope S_010fa8b0;
T_5 ;
    %pushi/vec4 0, 0, 1;
    %store/vec4 v01000a90_0, 0, 1;
    %pushi/vec4 1, 0, 1;
    %store/vec4 v01000720_0, 0, 1;
    %delay 10, 0;
    %pushi/vec4 0, 0, 1;
    %store/vec4 v01000720_0, 0, 1;
    %delay 400, 0;
    %vpi_call 2 23 "$finish" {0 0 0};
    %end;
    .thread T_5;
    .scope S_010fa8b0;
T_6 ;
    %delay 5, 0;
    %load/vec4 v01000a90_0;
    %inv;
    %store/vec4 v01000a90_0, 0, 1;
    %jmp T_6;
    .thread T_6;
    .scope S_010fa8b0;
T_7 ;
    %vpi_call 2 31 "$dumpfile", "wave.vcd" {0 0 0};
    %vpi_call 2 32 "$dumpvars", 32'sb00000000000000000000000000000000, S_010fa8b0 {0 0 0};
    %end;
    .thread T_7;
# The file index is used to find the file name in the following table.
:file_names 4;
    "N/A";
    "<interactive>";
    "freq_div_odd_tb.v";
    "freq_div_odd.v";
