#! c:/iverilog-x86/bin/vvp
:ivl_version "10.0 (stable)" "(v10_0)";
:ivl_delay_selection "TYPICAL";
:vpi_time_precision - 9;
:vpi_module "system";
:vpi_module "vhdl_sys";
:vpi_module "v2005_math";
:vpi_module "va_math";
S_014584d8 .scope module, "freq_div2_tb" "freq_div2_tb" 2 1;
 .timescale -9 -9;
v01453a10_0 .var "clk_in", 0 0;
v01453a68_0 .net "clk_out", 0 0, L_01457e88;  1 drivers
S_01455830 .scope module, "div2" "freq_div2" 2 5, 3 3 0, S_014584d8;
 .timescale -9 -9;
    .port_info 0 /INPUT 1 "clk_100"
    .port_info 1 /OUTPUT 1 "clk_out"
P_01459510 .param/l "N" 0 3 8, C4<1000>;
L_01457e88 .functor BUFZ 1, v01455958_0, C4<0>, C4<0>, C4<0>;
v01457e30_0 .net "clk_100", 0 0, v01453a10_0;  1 drivers
v01455900_0 .net "clk_out", 0 0, L_01457e88;  alias, 1 drivers
v01455958_0 .var "clkout", 0 0;
v014559b0_0 .var "cnt", 3 0;
E_014594e8 .event posedge, v01457e30_0;
    .scope S_01455830;
T_0 ;
    %pushi/vec4 0, 0, 4;
    %store/vec4 v014559b0_0, 0, 4;
    %end;
    .thread T_0;
    .scope S_01455830;
T_1 ;
    %wait E_014594e8;
    %load/vec4 v014559b0_0;
    %pad/u 32;
    %cmpi/e 7, 0, 32;
    %jmp/0xz  T_1.0, 4;
    %pushi/vec4 0, 0, 4;
    %assign/vec4 v014559b0_0, 0;
    %jmp T_1.1;
T_1.0 ;
    %load/vec4 v014559b0_0;
    %addi 1, 0, 4;
    %assign/vec4 v014559b0_0, 0;
T_1.1 ;
    %jmp T_1;
    .thread T_1;
    .scope S_01455830;
T_2 ;
    %pushi/vec4 0, 0, 1;
    %store/vec4 v01455958_0, 0, 1;
    %end;
    .thread T_2;
    .scope S_01455830;
T_3 ;
    %wait E_014594e8;
    %load/vec4 v014559b0_0;
    %cmpi/e 0, 0, 4;
    %jmp/0xz  T_3.0, 4;
    %pushi/vec4 1, 0, 1;
    %assign/vec4 v01455958_0, 0;
    %jmp T_3.1;
T_3.0 ;
    %load/vec4 v014559b0_0;
    %pad/u 32;
    %cmpi/e 4, 0, 32;
    %jmp/0xz  T_3.2, 4;
    %pushi/vec4 0, 0, 1;
    %assign/vec4 v01455958_0, 0;
    %jmp T_3.3;
T_3.2 ;
    %load/vec4 v01455958_0;
    %assign/vec4 v01455958_0, 0;
T_3.3 ;
T_3.1 ;
    %jmp T_3;
    .thread T_3;
    .scope S_014584d8;
T_4 ;
    %pushi/vec4 0, 0, 1;
    %store/vec4 v01453a10_0, 0, 1;
    %delay 100, 0;
    %vpi_call 2 12 "$finish" {0 0 0};
    %end;
    .thread T_4;
    .scope S_014584d8;
T_5 ;
    %delay 5, 0;
    %load/vec4 v01453a10_0;
    %inv;
    %store/vec4 v01453a10_0, 0, 1;
    %jmp T_5;
    .thread T_5;
    .scope S_014584d8;
T_6 ;
    %vpi_call 2 20 "$dumpfile", "wave.vcd" {0 0 0};
    %vpi_call 2 21 "$dumpvars", 32'sb00000000000000000000000000000000, S_014584d8 {0 0 0};
    %end;
    .thread T_6;
# The file index is used to find the file name in the following table.
:file_names 4;
    "N/A";
    "<interactive>";
    "freq_div2_tb.v";
    "freq_div2.v";
