#! c:/iverilog-x86/bin/vvp
:ivl_version "10.0 (stable)" "(v10_0)";
:ivl_delay_selection "TYPICAL";
:vpi_time_precision - 9;
:vpi_module "system";
:vpi_module "vhdl_sys";
:vpi_module "v2005_math";
:vpi_module "va_math";
S_00893cd0 .scope module, "freq_div3_tb" "freq_div3_tb" 2 1;
 .timescale -9 -9;
v008b4e58_0 .var "clk_in", 0 0;
v008b5278_0 .net "clk_out", 0 0, v01283ac0_0;  1 drivers
v008b51c8_0 .var "reset", 0 0;
S_00893da0 .scope module, "div3" "freq_div3" 2 5, 3 3 0, S_00893cd0;
 .timescale -9 -9;
    .port_info 0 /INPUT 1 "clk_in"
    .port_info 1 /INPUT 1 "reset"
    .port_info 2 /OUTPUT 1 "clk_out"
v01289cf0_0 .var "clk1_out", 0 0;
v01283a10_0 .var "clk2_out", 0 0;
v01283a68_0 .net "clk_in", 0 0, v008b4e58_0;  1 drivers
v01283ac0_0 .var "clk_out", 0 0;
v01283b18_0 .var "neg_count", 1 0;
v01283b70_0 .var "next_clk1_out", 0 0;
v01283bc8_0 .var "next_clk2_out", 0 0;
v0128b720_0 .var "next_neg_count", 1 0;
v0128b778_0 .var "next_pos_count", 1 0;
v0128b7d0_0 .var "pos_count", 1 0;
v0128b828_0 .net "reset", 0 0, v008b51c8_0;  1 drivers
E_0128c168 .event negedge, v01283a68_0;
E_0128c140 .event posedge, v01283a68_0;
E_0128c0f0 .event edge, v01283b18_0, v0128b7d0_0;
E_0128c398 .event edge, v01283b18_0;
E_0128c118 .event edge, v0128b7d0_0;
    .scope S_00893da0;
T_0 ;
    %pushi/vec4 0, 0, 2;
    %store/vec4 v0128b7d0_0, 0, 2;
    %end;
    .thread T_0;
    .scope S_00893da0;
T_1 ;
    %pushi/vec4 0, 0, 2;
    %store/vec4 v01283b18_0, 0, 2;
    %end;
    .thread T_1;
    .scope S_00893da0;
T_2 ;
    %wait E_0128c118;
    %load/vec4 v0128b7d0_0;
    %cmpi/e 2, 0, 2;
    %flag_mov 8, 4;
    %jmp/0 T_2.0, 8;
    %pushi/vec4 0, 0, 2;
    %jmp/1 T_2.1, 8;
T_2.0 ; End of true expr.
    %load/vec4 v0128b7d0_0;
    %addi 1, 0, 2;
    %jmp/0 T_2.1, 8;
 ; End of false expr.
    %blend;
T_2.1;
    %store/vec4 v0128b778_0, 0, 2;
    %load/vec4 v0128b7d0_0;
    %cmpi/e 0, 0, 2;
    %flag_mov 8, 4;
    %jmp/0 T_2.2, 8;
    %pushi/vec4 1, 0, 1;
    %jmp/1 T_2.3, 8;
T_2.2 ; End of true expr.
    %pushi/vec4 0, 0, 1;
    %jmp/0 T_2.3, 8;
 ; End of false expr.
    %blend;
T_2.3;
    %store/vec4 v01283b70_0, 0, 1;
    %jmp T_2;
    .thread T_2, $push;
    .scope S_00893da0;
T_3 ;
    %wait E_0128c398;
    %load/vec4 v01283b18_0;
    %cmpi/e 2, 0, 2;
    %flag_mov 8, 4;
    %jmp/0 T_3.0, 8;
    %pushi/vec4 0, 0, 2;
    %jmp/1 T_3.1, 8;
T_3.0 ; End of true expr.
    %load/vec4 v01283b18_0;
    %addi 1, 0, 2;
    %jmp/0 T_3.1, 8;
 ; End of false expr.
    %blend;
T_3.1;
    %store/vec4 v0128b720_0, 0, 2;
    %load/vec4 v01283b18_0;
    %cmpi/e 0, 0, 2;
    %flag_mov 8, 4;
    %jmp/0 T_3.2, 8;
    %pushi/vec4 1, 0, 1;
    %jmp/1 T_3.3, 8;
T_3.2 ; End of true expr.
    %pushi/vec4 0, 0, 1;
    %jmp/0 T_3.3, 8;
 ; End of false expr.
    %blend;
T_3.3;
    %store/vec4 v01283bc8_0, 0, 1;
    %jmp T_3;
    .thread T_3, $push;
    .scope S_00893da0;
T_4 ;
    %wait E_0128c0f0;
    %load/vec4 v01289cf0_0;
    %load/vec4 v01283a10_0;
    %or;
    %store/vec4 v01283ac0_0, 0, 1;
    %jmp T_4;
    .thread T_4, $push;
    .scope S_00893da0;
T_5 ;
    %wait E_0128c140;
    %load/vec4 v0128b828_0;
    %flag_set/vec4 8;
    %jmp/0xz  T_5.0, 8;
    %pushi/vec4 0, 0, 2;
    %assign/vec4 v0128b7d0_0, 0;
    %pushi/vec4 0, 0, 1;
    %assign/vec4 v01289cf0_0, 0;
    %jmp T_5.1;
T_5.0 ;
    %load/vec4 v0128b778_0;
    %assign/vec4 v0128b7d0_0, 0;
    %load/vec4 v01283b70_0;
    %assign/vec4 v01289cf0_0, 0;
T_5.1 ;
    %jmp T_5;
    .thread T_5;
    .scope S_00893da0;
T_6 ;
    %wait E_0128c168;
    %load/vec4 v0128b828_0;
    %flag_set/vec4 8;
    %jmp/0xz  T_6.0, 8;
    %pushi/vec4 0, 0, 2;
    %assign/vec4 v01283b18_0, 0;
    %pushi/vec4 0, 0, 1;
    %assign/vec4 v01283a10_0, 0;
    %jmp T_6.1;
T_6.0 ;
    %load/vec4 v0128b720_0;
    %assign/vec4 v01283b18_0, 0;
    %load/vec4 v01283bc8_0;
    %assign/vec4 v01283a10_0, 0;
T_6.1 ;
    %jmp T_6;
    .thread T_6;
    .scope S_00893cd0;
T_7 ;
    %pushi/vec4 0, 0, 1;
    %store/vec4 v008b4e58_0, 0, 1;
    %pushi/vec4 1, 0, 1;
    %store/vec4 v008b51c8_0, 0, 1;
    %delay 10, 0;
    %pushi/vec4 0, 0, 1;
    %store/vec4 v008b51c8_0, 0, 1;
    %delay 50, 0;
    %pushi/vec4 1, 0, 1;
    %store/vec4 v008b51c8_0, 0, 1;
    %delay 60, 0;
    %pushi/vec4 0, 0, 1;
    %store/vec4 v008b51c8_0, 0, 1;
    %delay 120, 0;
    %vpi_call 2 23 "$finish" {0 0 0};
    %end;
    .thread T_7;
    .scope S_00893cd0;
T_8 ;
    %delay 5, 0;
    %load/vec4 v008b4e58_0;
    %inv;
    %store/vec4 v008b4e58_0, 0, 1;
    %jmp T_8;
    .thread T_8;
    .scope S_00893cd0;
T_9 ;
    %vpi_call 2 31 "$dumpfile", "wave.vcd" {0 0 0};
    %vpi_call 2 32 "$dumpvars", 32'sb00000000000000000000000000000000, S_00893cd0 {0 0 0};
    %end;
    .thread T_9;
# The file index is used to find the file name in the following table.
:file_names 4;
    "N/A";
    "<interactive>";
    "freq_div3_tb.v";
    "freq_div3.v";
